<?xml version="1.0" encoding="UTF-8"?>
<!-- Generated by org.testng.reporters.JUnitReportReporter -->
<testsuite hostname="PLNV057" failures="0" tests="6" name="tutorial.com.TutorialWebDriver.Topic_03_Xpath_Css_Part_1" time="15.358" errors="0" timestamp="2022-01-08T08:36:19 ICT" skipped="0">
  <testcase classname="tutorial.com.TutorialWebDriver.Topic_03_Xpath_Css_Part_1" name="TC_04_Register_Password_Less_Than_6_Chars" time="2.927"/>
  <system-out/>
  <testcase classname="tutorial.com.TutorialWebDriver.Topic_03_Xpath_Css_Part_1" name="TC_03_Register_Incorrect_Email" time="2.900"/>
  <system-out/>
  <testcase classname="tutorial.com.TutorialWebDriver.Topic_03_Xpath_Css_Part_1" name="TC_06_Register_Invalid_Phone" time="0.353"/>
  <system-out/>
  <testcase classname="tutorial.com.TutorialWebDriver.Topic_03_Xpath_Css_Part_1" name="TC_05_Register_Incorrect_Password" time="0.380"/>
  <system-out/>
  <testcase classname="tutorial.com.TutorialWebDriver.Topic_03_Xpath_Css_Part_1" name="TC_01_Register_Empty_Data" time="6.020"/>
  <system-out/>
  <testcase classname="tutorial.com.TutorialWebDriver.Topic_03_Xpath_Css_Part_1" name="TC_02_Register_Invalid_Email" time="2.778"/>
  <system-out/>
</testsuite> <!-- tutorial.com.TutorialWebDriver.Topic_03_Xpath_Css_Part_1 -->
