<?xml version="1.0" encoding="UTF-8"?>
<!-- Generated by org.testng.reporters.JUnitReportReporter -->
<testsuite hostname="PLNV057" failures="0" tests="3" name="tutorial.com.TutorialWebDriver.Topic_01_Check_Environment" time="0.074" errors="0" timestamp="2022-01-08T08:35:52 ICT" skipped="0">
  <testcase classname="tutorial.com.TutorialWebDriver.Topic_01_Check_Environment" name="TC_01_ValidateCurrentUrl" time="0.014"/>
  <system-out/>
  <testcase classname="tutorial.com.TutorialWebDriver.Topic_01_Check_Environment" name="TC_03_LoginFormDisplayed" time="0.052"/>
  <system-out/>
  <testcase classname="tutorial.com.TutorialWebDriver.Topic_01_Check_Environment" name="TC_02_ValidatePageTitle" time="0.008"/>
  <system-out/>
</testsuite> <!-- tutorial.com.TutorialWebDriver.Topic_01_Check_Environment -->
