<?xml version="1.0" encoding="UTF-8"?>
<!-- Generated by org.testng.reporters.JUnitReportReporter -->
<testsuite hostname="PLNV057" failures="0" tests="1" name="tutorial.com.TutorialWebDriver.AppTest" time="0.006" errors="0" timestamp="2022-01-04T15:19:33 ICT" skipped="0">
  <testcase classname="tutorial.com.TutorialWebDriver.AppTest" name="shouldAnswerWithTrue" time="0.006"/>
  <system-out/>
</testsuite> <!-- tutorial.com.TutorialWebDriver.AppTest -->
